  apple.cpp
  AppleStatic.cpp
  Camera.cpp
  Enemy.cpp
  EnemyBase.cpp
  GameClear.cpp
  GameOver.cpp
  GameScene.cpp
  HitChecker.cpp
  main.cpp
  EnemyStatic.cpp
  MapChip.cpp
  Pan.cpp
  Player.cpp
  Stage.cpp
  TitleScene.cpp
  コード生成しています。
  Previous IPDB not found, fall back to full compilation.
  All 97 functions were compiled because no usable IPDB/IOBJ from previous compilation was found.
  コード生成が終了しました。
  MyDxLibGame3D.vcxproj -> C:\Users\kaiku\OneDrive\デスクトップ\git\WorldSwim\Release\MyDxLibGame3D.exe
